# JRE version: Java(TM) SE Runtime Environment (17.0.12+8) (build 17.0.12+8-LTS-286)
# Java VM: Java HotSpot(TM) 64-Bit Server VM (17.0.12+8-LTS-286, mixed mode, sharing, tiered, compressed oops, compressed class ptrs, g1 gc, windows-amd64)
GC Precious Log:
 CPUs: 20 total, 20 available
 Memory: 16072M
 Large Page Support: Disabled
 NUMA Support: Disabled
 Compressed Oops: Enabled (Zero based)
 Heap Region Size: 2M
 Heap Min Capacity: 8M
 Heap Initial Capacity: 252M
 Heap Max Capacity: 4020M
 Pre-touch: Disabled
 Parallel Workers: 15
 Concurrent Workers: 4
 Concurrent Refinement Workers: 15
 Periodic GC: Disabled
Heap:
 garbage-first heap   total 374784K, used 143576K [0x0000000704c00000, 0x0000000800000000)
  region size 2048K, 9 young (18432K), 9 survivors (18432K)
 Metaspace       used 30571K, committed 30976K, reserved 1114112K
  class space    used 3365K, committed 3584K, reserved 1048576K
GC Heap History (20 events):
Event: 5.159 GC heap after
{Heap after GC invocations=16 (full 0):
 garbage-first heap   total 192512K, used 68776K [0x0000000704c00000, 0x0000000800000000)
  region size 2048K, 2 young (4096K), 2 survivors (4096K)
 Metaspace       used 29672K, committed 30016K, reserved 1114112K
  class space    used 3288K, committed 3456K, reserved 1048576K
}
Event: 5.339 GC heap before
{Heap before GC invocations=16 (full 0):
 garbage-first heap   total 192512K, used 144552K [0x0000000704c00000, 0x0000000800000000)
  region size 2048K, 39 young (79872K), 2 survivors (4096K)
 Metaspace       used 30198K, committed 30528K, reserved 1114112K
  class space    used 3357K, committed 3520K, reserved 1048576K
}
Event: 5.342 GC heap after
{Heap after GC invocations=17 (full 0):
 garbage-first heap   total 192512K, used 70365K [0x0000000704c00000, 0x0000000800000000)
  region size 2048K, 3 young (6144K), 3 survivors (6144K)
 Metaspace       used 30198K, committed 30528K, reserved 1114112K
  class space    used 3357K, committed 3520K, reserved 1048576K
}
Event: 5.460 GC heap before
{Heap before GC invocations=17 (full 0):
 garbage-first heap   total 192512K, used 148189K [0x0000000704c00000, 0x0000000800000000)
  region size 2048K, 41 young (83968K), 3 survivors (6144K)
 Metaspace       used 30340K, committed 30784K, reserved 1114112K
  class space    used 3360K, committed 3584K, reserved 1048576K
}
Event: 5.466 GC heap after
{Heap after GC invocations=18 (full 0):
 garbage-first heap   total 231424K, used 74374K [0x0000000704c00000, 0x0000000800000000)
  region size 2048K, 5 young (10240K), 5 survivors (10240K)
 Metaspace       used 30340K, committed 30784K, reserved 1114112K
  class space    used 3360K, committed 3584K, reserved 1048576K
}
Event: 5.605 GC heap before
{Heap before GC invocations=18 (full 0):
 garbage-first heap   total 231424K, used 178822K [0x0000000704c00000, 0x0000000800000000)
  region size 2048K, 56 young (114688K), 5 survivors (10240K)
 Metaspace       used 30414K, committed 30848K, reserved 1114112K
  class space    used 3362K, committed 3584K, reserved 1048576K
}
Event: 5.613 GC heap after
{Heap after GC invocations=19 (full 0):
 garbage-first heap   total 231424K, used 79796K [0x0000000704c00000, 0x0000000800000000)
  region size 2048K, 6 young (12288K), 6 survivors (12288K)
 Metaspace       used 30414K, committed 30848K, reserved 1114112K
  class space    used 3362K, committed 3584K, reserved 1048576K
}
Event: 5.729 GC heap before
{Heap before GC invocations=19 (full 0):
 garbage-first heap   total 231424K, used 182196K [0x0000000704c00000, 0x0000000800000000)
  region size 2048K, 56 young (114688K), 6 survivors (12288K)
 Metaspace       used 30444K, committed 30848K, reserved 1114112K
  class space    used 3362K, committed 3584K, reserved 1048576K
}
Event: 5.737 GC heap after
{Heap after GC invocations=20 (full 0):
 garbage-first heap   total 231424K, used 85479K [0x0000000704c00000, 0x0000000800000000)
  region size 2048K, 6 young (12288K), 6 survivors (12288K)
 Metaspace       used 30444K, committed 30848K, reserved 1114112K
  class space    used 3362K, committed 3584K, reserved 1048576K
}
Event: 5.842 GC heap before
{Heap before GC invocations=20 (full 0):
 garbage-first heap   total 231424K, used 187879K [0x0000000704c00000, 0x0000000800000000)
  region size 2048K, 55 young (112640K), 6 survivors (12288K)
 Metaspace       used 30463K, committed 30912K, reserved 1114112K
  class space    used 3362K, committed 3584K, reserved 1048576K
}
Event: 5.850 GC heap after
{Heap after GC invocations=21 (full 0):
 garbage-first heap   total 231424K, used 91504K [0x0000000704c00000, 0x0000000800000000)
  region size 2048K, 5 young (10240K), 5 survivors (10240K)
 Metaspace       used 30463K, committed 30912K, reserved 1114112K
  class space    used 3362K, committed 3584K, reserved 1048576K
}
Event: 5.943 GC heap before
{Heap before GC invocations=21 (full 0):
 garbage-first heap   total 231424K, used 187760K [0x0000000704c00000, 0x0000000800000000)
  region size 2048K, 52 young (106496K), 5 survivors (10240K)
 Metaspace       used 30485K, committed 30912K, reserved 1114112K
  class space    used 3363K, committed 3584K, reserved 1048576K
}
Event: 5.950 GC heap after
{Heap after GC invocations=22 (full 0):
 garbage-first heap   total 374784K, used 96491K [0x0000000704c00000, 0x0000000800000000)
  region size 2048K, 5 young (10240K), 5 survivors (10240K)
 Metaspace       used 30485K, committed 30912K, reserved 1114112K
  class space    used 3363K, committed 3584K, reserved 1048576K
}
Event: 6.192 GC heap before
{Heap before GC invocations=22 (full 0):
 garbage-first heap   total 374784K, used 307435K [0x0000000704c00000, 0x0000000800000000)
  region size 2048K, 106 young (217088K), 5 survivors (10240K)
 Metaspace       used 30495K, committed 30912K, reserved 1114112K
  class space    used 3363K, committed 3584K, reserved 1048576K
}
Event: 6.201 GC heap after
{Heap after GC invocations=23 (full 0):
 garbage-first heap   total 374784K, used 109850K [0x0000000704c00000, 0x0000000800000000)
  region size 2048K, 10 young (20480K), 10 survivors (20480K)
 Metaspace       used 30495K, committed 30912K, reserved 1114112K
  class space    used 3363K, committed 3584K, reserved 1048576K
}
Event: 6.365 GC heap before
{Heap before GC invocations=23 (full 0):
 garbage-first heap   total 374784K, used 300314K [0x0000000704c00000, 0x0000000800000000)
  region size 2048K, 103 young (210944K), 10 survivors (20480K)
 Metaspace       used 30559K, committed 30976K, reserved 1114112K
  class space    used 3365K, committed 3584K, reserved 1048576K
}
Event: 6.376 GC heap after
{Heap after GC invocations=24 (full 0):
 garbage-first heap   total 374784K, used 119700K [0x0000000704c00000, 0x0000000800000000)
  region size 2048K, 10 young (20480K), 10 survivors (20480K)
 Metaspace       used 30559K, committed 30976K, reserved 1114112K
  class space    used 3365K, committed 3584K, reserved 1048576K
}
Event: 6.519 GC heap before
{Heap before GC invocations=24 (full 0):
 garbage-first heap   total 374784K, used 306068K [0x0000000704c00000, 0x0000000800000000)
  region size 2048K, 101 young (206848K), 10 survivors (20480K)
 Metaspace       used 30571K, committed 30976K, reserved 1114112K
  class space    used 3365K, committed 3584K, reserved 1048576K
}
Event: 6.533 GC heap after
{Heap after GC invocations=25 (full 0):
 garbage-first heap   total 374784K, used 128576K [0x0000000704c00000, 0x0000000800000000)
  region size 2048K, 10 young (20480K), 10 survivors (20480K)
 Metaspace       used 30571K, committed 30976K, reserved 1114112K
  class space    used 3365K, committed 3584K, reserved 1048576K
}
Event: 6.682 GC heap before
{Heap before GC invocations=25 (full 0):
 garbage-first heap   total 374784K, used 312896K [0x0000000704c00000, 0x0000000800000000)
  region size 2048K, 97 young (198656K), 10 survivors (20480K)
 Metaspace       used 30571K, committed 30976K, reserved 1114112K
  class space    used 3365K, committed 3584K, reserved 1048576K
}

