# JRE version: Java(TM) SE Runtime Environment (17.0.12+8) (build 17.0.12+8-LTS-286)
# Java VM: Java HotSpot(TM) 64-Bit Server VM (17.0.12+8-LTS-286, mixed mode, emulated-client, sharing, tiered, compressed oops, compressed class ptrs, g1 gc, windows-amd64)
GC Precious Log:
 CPUs: 20 total, 20 available
 Memory: 16072M
 Large Page Support: Disabled
 NUMA Support: Disabled
 Compressed Oops: Enabled (Zero based)
 Heap Region Size: 2M
 Heap Min Capacity: 8M
 Heap Initial Capacity: 252M
 Heap Max Capacity: 4020M
 Pre-touch: Disabled
 Parallel Workers: 15
 Concurrent Workers: 4
 Concurrent Refinement Workers: 15
 Periodic GC: Disabled
Heap:
 garbage-first heap   total 491520K, used 291955K [0x0000000704c00000, 0x0000000800000000)
  region size 2048K, 3 young (6144K), 3 survivors (6144K)
 Metaspace       used 113588K, committed 114240K, reserved 1179648K
  class space    used 15048K, committed 15360K, reserved 1048576K
GC Heap History (20 events):
Event: 14.177 GC heap after
{Heap after GC invocations=36 (full 0):
 garbage-first heap   total 413696K, used 149750K [0x0000000704c00000, 0x0000000800000000)
  region size 2048K, 9 young (18432K), 9 survivors (18432K)
 Metaspace       used 99437K, committed 100032K, reserved 1179648K
  class space    used 12868K, committed 13120K, reserved 1048576K
}
Event: 14.848 GC heap before
{Heap before GC invocations=36 (full 0):
 garbage-first heap   total 413696K, used 319734K [0x0000000704c00000, 0x0000000800000000)
  region size 2048K, 93 young (190464K), 9 survivors (18432K)
 Metaspace       used 100827K, committed 101376K, reserved 1179648K
  class space    used 13068K, committed 13312K, reserved 1048576K
}
Event: 14.856 GC heap after
{Heap after GC invocations=37 (full 0):
 garbage-first heap   total 413696K, used 151413K [0x0000000704c00000, 0x0000000800000000)
  region size 2048K, 9 young (18432K), 9 survivors (18432K)
 Metaspace       used 100827K, committed 101376K, reserved 1179648K
  class space    used 13068K, committed 13312K, reserved 1048576K
}
Event: 16.245 GC heap before
{Heap before GC invocations=38 (full 0):
 garbage-first heap   total 413696K, used 348021K [0x0000000704c00000, 0x0000000800000000)
  region size 2048K, 105 young (215040K), 9 survivors (18432K)
 Metaspace       used 104002K, committed 104640K, reserved 1179648K
  class space    used 13560K, committed 13824K, reserved 1048576K
}
Event: 16.271 GC heap after
{Heap after GC invocations=39 (full 0):
 garbage-first heap   total 415744K, used 197717K [0x0000000704c00000, 0x0000000800000000)
  region size 2048K, 14 young (28672K), 14 survivors (28672K)
 Metaspace       used 104002K, committed 104640K, reserved 1179648K
  class space    used 13560K, committed 13824K, reserved 1048576K
}
Event: 16.280 GC heap before
{Heap before GC invocations=39 (full 0):
 garbage-first heap   total 415744K, used 199765K [0x0000000704c00000, 0x0000000800000000)
  region size 2048K, 15 young (30720K), 14 survivors (28672K)
 Metaspace       used 104002K, committed 104640K, reserved 1179648K
  class space    used 13560K, committed 13824K, reserved 1048576K
}
Event: 16.293 GC heap after
{Heap after GC invocations=40 (full 0):
 garbage-first heap   total 415744K, used 202436K [0x0000000704c00000, 0x0000000800000000)
  region size 2048K, 2 young (4096K), 2 survivors (4096K)
 Metaspace       used 104002K, committed 104640K, reserved 1179648K
  class space    used 13560K, committed 13824K, reserved 1048576K
}
Event: 16.875 GC heap before
{Heap before GC invocations=40 (full 0):
 garbage-first heap   total 415744K, used 323268K [0x0000000704c00000, 0x0000000800000000)
  region size 2048K, 61 young (124928K), 2 survivors (4096K)
 Metaspace       used 104166K, committed 104832K, reserved 1179648K
  class space    used 13588K, committed 13888K, reserved 1048576K
}
Event: 16.901 GC heap after
{Heap after GC invocations=41 (full 0):
 garbage-first heap   total 415744K, used 278528K [0x0000000704c00000, 0x0000000800000000)
  region size 2048K, 8 young (16384K), 8 survivors (16384K)
 Metaspace       used 104166K, committed 104832K, reserved 1179648K
  class space    used 13588K, committed 13888K, reserved 1048576K
}
Event: 17.489 GC heap before
{Heap before GC invocations=42 (full 0):
 garbage-first heap   total 479232K, used 323584K [0x0000000704c00000, 0x0000000800000000)
  region size 2048K, 30 young (61440K), 8 survivors (16384K)
 Metaspace       used 104605K, committed 105216K, reserved 1179648K
  class space    used 13652K, committed 13952K, reserved 1048576K
}
Event: 17.497 GC heap after
{Heap after GC invocations=43 (full 0):
 garbage-first heap   total 479232K, used 286720K [0x0000000704c00000, 0x0000000800000000)
  region size 2048K, 2 young (4096K), 2 survivors (4096K)
 Metaspace       used 104605K, committed 105216K, reserved 1179648K
  class space    used 13652K, committed 13952K, reserved 1048576K
}
Event: 17.670 GC heap before
{Heap before GC invocations=43 (full 0):
 garbage-first heap   total 479232K, used 305152K [0x0000000704c00000, 0x0000000800000000)
  region size 2048K, 11 young (22528K), 2 survivors (4096K)
 Metaspace       used 104605K, committed 105216K, reserved 1179648K
  class space    used 13652K, committed 13952K, reserved 1048576K
}
Event: 17.675 GC heap after
{Heap after GC invocations=44 (full 0):
 garbage-first heap   total 479232K, used 284881K [0x0000000704c00000, 0x0000000800000000)
  region size 2048K, 1 young (2048K), 1 survivors (2048K)
 Metaspace       used 104605K, committed 105216K, reserved 1179648K
  class space    used 13652K, committed 13952K, reserved 1048576K
}
Event: 19.081 GC heap before
{Heap before GC invocations=44 (full 0):
 garbage-first heap   total 479232K, used 366801K [0x0000000704c00000, 0x0000000800000000)
  region size 2048K, 41 young (83968K), 1 survivors (2048K)
 Metaspace       used 105174K, committed 105792K, reserved 1179648K
  class space    used 13758K, committed 14016K, reserved 1048576K
}
Event: 19.089 GC heap after
{Heap after GC invocations=45 (full 0):
 garbage-first heap   total 479232K, used 287123K [0x0000000704c00000, 0x0000000800000000)
  region size 2048K, 2 young (4096K), 2 survivors (4096K)
 Metaspace       used 105174K, committed 105792K, reserved 1179648K
  class space    used 13758K, committed 14016K, reserved 1048576K
}
Event: 20.083 GC heap before
{Heap before GC invocations=46 (full 0):
 garbage-first heap   total 491520K, used 375187K [0x0000000704c00000, 0x0000000800000000)
  region size 2048K, 45 young (92160K), 2 survivors (4096K)
 Metaspace       used 108680K, committed 109376K, reserved 1179648K
  class space    used 14227K, committed 14592K, reserved 1048576K
}
Event: 20.088 GC heap after
{Heap after GC invocations=47 (full 0):
 garbage-first heap   total 491520K, used 289358K [0x0000000704c00000, 0x0000000800000000)
  region size 2048K, 3 young (6144K), 3 survivors (6144K)
 Metaspace       used 108680K, committed 109376K, reserved 1179648K
  class space    used 14227K, committed 14592K, reserved 1048576K
}
Event: 20.299 GC heap before
{Heap before GC invocations=47 (full 0):
 garbage-first heap   total 491520K, used 307790K [0x0000000704c00000, 0x0000000800000000)
  region size 2048K, 12 young (24576K), 3 survivors (6144K)
 Metaspace       used 109742K, committed 110400K, reserved 1179648K
  class space    used 14344K, committed 14656K, reserved 1048576K
}
Event: 20.304 GC heap after
{Heap after GC invocations=48 (full 0):
 garbage-first heap   total 491520K, used 287022K [0x0000000704c00000, 0x0000000800000000)
  region size 2048K, 1 young (2048K), 1 survivors (2048K)
 Metaspace       used 109742K, committed 110400K, reserved 1179648K
  class space    used 14344K, committed 14656K, reserved 1048576K
}
Event: 20.919 GC heap before
{Heap before GC invocations=48 (full 0):
 garbage-first heap   total 491520K, used 391470K [0x0000000704c00000, 0x0000000800000000)
  region size 2048K, 52 young (106496K), 1 survivors (2048K)
 Metaspace       used 113588K, committed 114240K, reserved 1179648K
  class space    used 15048K, committed 15360K, reserved 1048576K
}

