# JRE version: Java(TM) SE Runtime Environment (17.0.12+8) (build 17.0.12+8-LTS-286)
# Java VM: Java HotSpot(TM) 64-Bit Server VM (17.0.12+8-LTS-286, mixed mode, sharing, tiered, compressed oops, compressed class ptrs, g1 gc, windows-amd64)
GC Precious Log:
 CPUs: 20 total, 20 available
 Memory: 16072M
 Large Page Support: Disabled
 NUMA Support: Disabled
 Compressed Oops: Enabled (Zero based)
 Heap Region Size: 2M
 Heap Min Capacity: 8M
 Heap Initial Capacity: 252M
 Heap Max Capacity: 4020M
 Pre-touch: Disabled
 Parallel Workers: 15
 Concurrent Workers: 4
 Concurrent Refinement Workers: 15
 Periodic GC: Disabled
Heap:
 garbage-first heap   total 309248K, used 128587K [0x0000000704c00000, 0x0000000800000000)
  region size 2048K, 5 young (10240K), 5 survivors (10240K)
 Metaspace       used 89407K, committed 89984K, reserved 1179648K
  class space    used 11008K, committed 11328K, reserved 1048576K
GC Heap History (20 events):
Event: 5.751 GC heap after
{Heap after GC invocations=24 (full 0):
 garbage-first heap   total 147456K, used 91431K [0x0000000704c00000, 0x0000000800000000)
  region size 2048K, 2 young (4096K), 2 survivors (4096K)
 Metaspace       used 70664K, committed 71168K, reserved 1114112K
  class space    used 8499K, committed 8704K, reserved 1048576K
}
Event: 5.759 GC heap before
{Heap before GC invocations=24 (full 0):
 garbage-first heap   total 147456K, used 93479K [0x0000000704c00000, 0x0000000800000000)
  region size 2048K, 3 young (6144K), 2 survivors (4096K)
 Metaspace       used 70664K, committed 71168K, reserved 1114112K
  class space    used 8499K, committed 8704K, reserved 1048576K
}
Event: 5.765 GC heap after
{Heap after GC invocations=25 (full 0):
 garbage-first heap   total 147456K, used 91869K [0x0000000704c00000, 0x0000000800000000)
  region size 2048K, 1 young (2048K), 1 survivors (2048K)
 Metaspace       used 70664K, committed 71168K, reserved 1114112K
  class space    used 8499K, committed 8704K, reserved 1048576K
}
Event: 5.851 GC heap before
{Heap before GC invocations=25 (full 0):
 garbage-first heap   total 147456K, used 112349K [0x0000000704c00000, 0x0000000800000000)
  region size 2048K, 11 young (22528K), 1 survivors (2048K)
 Metaspace       used 70664K, committed 71168K, reserved 1114112K
  class space    used 8500K, committed 8704K, reserved 1048576K
}
Event: 5.855 GC heap after
{Heap after GC invocations=26 (full 0):
 garbage-first heap   total 309248K, used 97630K [0x0000000704c00000, 0x0000000800000000)
  region size 2048K, 2 young (4096K), 2 survivors (4096K)
 Metaspace       used 70664K, committed 71168K, reserved 1114112K
  class space    used 8500K, committed 8704K, reserved 1048576K
}
Event: 6.543 GC heap before
{Heap before GC invocations=27 (full 0):
 garbage-first heap   total 309248K, used 202078K [0x0000000704c00000, 0x0000000800000000)
  region size 2048K, 53 young (108544K), 2 survivors (4096K)
 Metaspace       used 74320K, committed 74752K, reserved 1179648K
  class space    used 8881K, committed 9088K, reserved 1048576K
}
Event: 6.551 GC heap after
{Heap after GC invocations=28 (full 0):
 garbage-first heap   total 309248K, used 119233K [0x0000000704c00000, 0x0000000800000000)
  region size 2048K, 7 young (14336K), 7 survivors (14336K)
 Metaspace       used 74320K, committed 74752K, reserved 1179648K
  class space    used 8881K, committed 9088K, reserved 1048576K
}
Event: 6.563 GC heap before
{Heap before GC invocations=28 (full 0):
 garbage-first heap   total 309248K, used 121281K [0x0000000704c00000, 0x0000000800000000)
  region size 2048K, 8 young (16384K), 7 survivors (14336K)
 Metaspace       used 74726K, committed 75200K, reserved 1179648K
  class space    used 8931K, committed 9152K, reserved 1048576K
}
Event: 6.567 GC heap after
{Heap after GC invocations=29 (full 0):
 garbage-first heap   total 309248K, used 120277K [0x0000000704c00000, 0x0000000800000000)
  region size 2048K, 1 young (2048K), 1 survivors (2048K)
 Metaspace       used 74726K, committed 75200K, reserved 1179648K
  class space    used 8931K, committed 9152K, reserved 1048576K
}
Event: 7.131 GC heap before
{Heap before GC invocations=29 (full 0):
 garbage-first heap   total 309248K, used 202197K [0x0000000704c00000, 0x0000000800000000)
  region size 2048K, 41 young (83968K), 1 survivors (2048K)
 Metaspace       used 84001K, committed 84544K, reserved 1179648K
  class space    used 10334K, committed 10624K, reserved 1048576K
}
Event: 7.134 GC heap after
{Heap after GC invocations=30 (full 0):
 garbage-first heap   total 309248K, used 120672K [0x0000000704c00000, 0x0000000800000000)
  region size 2048K, 1 young (2048K), 1 survivors (2048K)
 Metaspace       used 84001K, committed 84544K, reserved 1179648K
  class space    used 10334K, committed 10624K, reserved 1048576K
}
Event: 7.345 GC heap before
{Heap before GC invocations=30 (full 0):
 garbage-first heap   total 309248K, used 212832K [0x0000000704c00000, 0x0000000800000000)
  region size 2048K, 46 young (94208K), 1 survivors (2048K)
 Metaspace       used 85066K, committed 85696K, reserved 1179648K
  class space    used 10449K, committed 10752K, reserved 1048576K
}
Event: 7.347 GC heap after
{Heap after GC invocations=31 (full 0):
 garbage-first heap   total 309248K, used 121957K [0x0000000704c00000, 0x0000000800000000)
  region size 2048K, 2 young (4096K), 2 survivors (4096K)
 Metaspace       used 85066K, committed 85696K, reserved 1179648K
  class space    used 10449K, committed 10752K, reserved 1048576K
}
Event: 7.569 GC heap before
{Heap before GC invocations=31 (full 0):
 garbage-first heap   total 309248K, used 224357K [0x0000000704c00000, 0x0000000800000000)
  region size 2048K, 52 young (106496K), 2 survivors (4096K)
 Metaspace       used 86175K, committed 86784K, reserved 1179648K
  class space    used 10582K, committed 10880K, reserved 1048576K
}
Event: 7.571 GC heap after
{Heap after GC invocations=32 (full 0):
 garbage-first heap   total 309248K, used 123444K [0x0000000704c00000, 0x0000000800000000)
  region size 2048K, 3 young (6144K), 3 survivors (6144K)
 Metaspace       used 86175K, committed 86784K, reserved 1179648K
  class space    used 10582K, committed 10880K, reserved 1048576K
}
Event: 7.774 GC heap before
{Heap before GC invocations=32 (full 0):
 garbage-first heap   total 309248K, used 231988K [0x0000000704c00000, 0x0000000800000000)
  region size 2048K, 56 young (114688K), 3 survivors (6144K)
 Metaspace       used 87205K, committed 87808K, reserved 1179648K
  class space    used 10708K, committed 11008K, reserved 1048576K
}
Event: 7.776 GC heap after
{Heap after GC invocations=33 (full 0):
 garbage-first heap   total 309248K, used 124996K [0x0000000704c00000, 0x0000000800000000)
  region size 2048K, 4 young (8192K), 4 survivors (8192K)
 Metaspace       used 87205K, committed 87808K, reserved 1179648K
  class space    used 10708K, committed 11008K, reserved 1048576K
}
Event: 7.965 GC heap before
{Heap before GC invocations=33 (full 0):
 garbage-first heap   total 309248K, used 241732K [0x0000000704c00000, 0x0000000800000000)
  region size 2048K, 61 young (124928K), 4 survivors (8192K)
 Metaspace       used 88286K, committed 88832K, reserved 1179648K
  class space    used 10856K, committed 11136K, reserved 1048576K
}
Event: 7.969 GC heap after
{Heap after GC invocations=34 (full 0):
 garbage-first heap   total 309248K, used 126816K [0x0000000704c00000, 0x0000000800000000)
  region size 2048K, 4 young (8192K), 4 survivors (8192K)
 Metaspace       used 88286K, committed 88832K, reserved 1179648K
  class space    used 10856K, committed 11136K, reserved 1048576K
}
Event: 8.166 GC heap before
{Heap before GC invocations=34 (full 0):
 garbage-first heap   total 309248K, used 247648K [0x0000000704c00000, 0x0000000800000000)
  region size 2048K, 63 young (129024K), 4 survivors (8192K)
 Metaspace       used 89407K, committed 89984K, reserved 1179648K
  class space    used 11008K, committed 11328K, reserved 1048576K
}

