# JRE version: Java(TM) SE Runtime Environment (17.0.12+8) (build 17.0.12+8-LTS-286)
# Java VM: Java HotSpot(TM) 64-Bit Server VM (17.0.12+8-LTS-286, mixed mode, emulated-client, sharing, tiered, compressed oops, compressed class ptrs, g1 gc, windows-amd64)
GC Precious Log:
 CPUs: 20 total, 20 available
 Memory: 16072M
 Large Page Support: Disabled
 NUMA Support: Disabled
 Compressed Oops: Enabled (Zero based)
 Heap Region Size: 2M
 Heap Min Capacity: 8M
 Heap Initial Capacity: 252M
 Heap Max Capacity: 4020M
 Pre-touch: Disabled
 Parallel Workers: 15
 Concurrent Workers: 4
 Concurrent Refinement Workers: 15
 Periodic GC: Disabled
Heap:
 garbage-first heap   total 382976K, used 145141K [0x0000000704c00000, 0x0000000800000000)
  region size 2048K, 8 young (16384K), 8 survivors (16384K)
 Metaspace       used 96710K, committed 97344K, reserved 1179648K
  class space    used 12749K, committed 13056K, reserved 1048576K
GC Heap History (20 events):
Event: 5.184 GC heap after
{Heap after GC invocations=28 (full 0):
 garbage-first heap   total 382976K, used 119571K [0x0000000704c00000, 0x0000000800000000)
  region size 2048K, 1 young (2048K), 1 survivors (2048K)
 Metaspace       used 80726K, committed 81344K, reserved 1179648K
  class space    used 10533K, committed 10816K, reserved 1048576K
}
Event: 5.517 GC heap before
{Heap before GC invocations=28 (full 0):
 garbage-first heap   total 382976K, used 312083K [0x0000000704c00000, 0x0000000800000000)
  region size 2048K, 95 young (194560K), 1 survivors (2048K)
 Metaspace       used 82332K, committed 83008K, reserved 1179648K
  class space    used 10753K, committed 11072K, reserved 1048576K
}
Event: 5.519 GC heap after
{Heap after GC invocations=29 (full 0):
 garbage-first heap   total 382976K, used 121924K [0x0000000704c00000, 0x0000000800000000)
  region size 2048K, 2 young (4096K), 2 survivors (4096K)
 Metaspace       used 82332K, committed 83008K, reserved 1179648K
  class space    used 10753K, committed 11072K, reserved 1048576K
}
Event: 5.854 GC heap before
{Heap before GC invocations=29 (full 0):
 garbage-first heap   total 382976K, used 316484K [0x0000000704c00000, 0x0000000800000000)
  region size 2048K, 97 young (198656K), 2 survivors (4096K)
 Metaspace       used 83969K, committed 84608K, reserved 1179648K
  class space    used 10983K, committed 11264K, reserved 1048576K
}
Event: 5.856 GC heap after
{Heap after GC invocations=30 (full 0):
 garbage-first heap   total 382976K, used 124400K [0x0000000704c00000, 0x0000000800000000)
  region size 2048K, 3 young (6144K), 3 survivors (6144K)
 Metaspace       used 83969K, committed 84608K, reserved 1179648K
  class space    used 10983K, committed 11264K, reserved 1048576K
}
Event: 6.159 GC heap before
{Heap before GC invocations=30 (full 0):
 garbage-first heap   total 382976K, used 321008K [0x0000000704c00000, 0x0000000800000000)
  region size 2048K, 99 young (202752K), 3 survivors (6144K)
 Metaspace       used 85600K, committed 86272K, reserved 1179648K
  class space    used 11202K, committed 11520K, reserved 1048576K
}
Event: 6.161 GC heap after
{Heap after GC invocations=31 (full 0):
 garbage-first heap   total 382976K, used 127032K [0x0000000704c00000, 0x0000000800000000)
  region size 2048K, 4 young (8192K), 4 survivors (8192K)
 Metaspace       used 85600K, committed 86272K, reserved 1179648K
  class space    used 11202K, committed 11520K, reserved 1048576K
}
Event: 6.466 GC heap before
{Heap before GC invocations=31 (full 0):
 garbage-first heap   total 382976K, used 323640K [0x0000000704c00000, 0x0000000800000000)
  region size 2048K, 100 young (204800K), 4 survivors (8192K)
 Metaspace       used 87261K, committed 87872K, reserved 1179648K
  class space    used 11435K, committed 11712K, reserved 1048576K
}
Event: 6.469 GC heap after
{Heap after GC invocations=32 (full 0):
 garbage-first heap   total 382976K, used 130006K [0x0000000704c00000, 0x0000000800000000)
  region size 2048K, 6 young (12288K), 6 survivors (12288K)
 Metaspace       used 87261K, committed 87872K, reserved 1179648K
  class space    used 11435K, committed 11712K, reserved 1048576K
}
Event: 6.792 GC heap before
{Heap before GC invocations=32 (full 0):
 garbage-first heap   total 382976K, used 326614K [0x0000000704c00000, 0x0000000800000000)
  region size 2048K, 102 young (208896K), 6 survivors (12288K)
 Metaspace       used 88922K, committed 89536K, reserved 1179648K
  class space    used 11671K, committed 11968K, reserved 1048576K
}
Event: 6.797 GC heap after
{Heap after GC invocations=33 (full 0):
 garbage-first heap   total 382976K, used 132347K [0x0000000704c00000, 0x0000000800000000)
  region size 2048K, 7 young (14336K), 7 survivors (14336K)
 Metaspace       used 88922K, committed 89536K, reserved 1179648K
  class space    used 11671K, committed 11968K, reserved 1048576K
}
Event: 7.098 GC heap before
{Heap before GC invocations=33 (full 0):
 garbage-first heap   total 382976K, used 326907K [0x0000000704c00000, 0x0000000800000000)
  region size 2048K, 102 young (208896K), 7 survivors (14336K)
 Metaspace       used 90558K, committed 91136K, reserved 1179648K
  class space    used 11903K, committed 12160K, reserved 1048576K
}
Event: 7.102 GC heap after
{Heap after GC invocations=34 (full 0):
 garbage-first heap   total 382976K, used 135015K [0x0000000704c00000, 0x0000000800000000)
  region size 2048K, 8 young (16384K), 8 survivors (16384K)
 Metaspace       used 90558K, committed 91136K, reserved 1179648K
  class space    used 11903K, committed 12160K, reserved 1048576K
}
Event: 7.395 GC heap before
{Heap before GC invocations=34 (full 0):
 garbage-first heap   total 382976K, used 325479K [0x0000000704c00000, 0x0000000800000000)
  region size 2048K, 101 young (206848K), 8 survivors (16384K)
 Metaspace       used 92118K, committed 92736K, reserved 1179648K
  class space    used 12116K, committed 12416K, reserved 1048576K
}
Event: 7.399 GC heap after
{Heap after GC invocations=35 (full 0):
 garbage-first heap   total 382976K, used 137797K [0x0000000704c00000, 0x0000000800000000)
  region size 2048K, 8 young (16384K), 8 survivors (16384K)
 Metaspace       used 92118K, committed 92736K, reserved 1179648K
  class space    used 12116K, committed 12416K, reserved 1048576K
}
Event: 7.691 GC heap before
{Heap before GC invocations=35 (full 0):
 garbage-first heap   total 382976K, used 326213K [0x0000000704c00000, 0x0000000800000000)
  region size 2048K, 100 young (204800K), 8 survivors (16384K)
 Metaspace       used 93686K, committed 94336K, reserved 1179648K
  class space    used 12335K, committed 12608K, reserved 1048576K
}
Event: 7.695 GC heap after
{Heap after GC invocations=36 (full 0):
 garbage-first heap   total 382976K, used 140421K [0x0000000704c00000, 0x0000000800000000)
  region size 2048K, 8 young (16384K), 8 survivors (16384K)
 Metaspace       used 93686K, committed 94336K, reserved 1179648K
  class space    used 12335K, committed 12608K, reserved 1048576K
}
Event: 7.982 GC heap before
{Heap before GC invocations=36 (full 0):
 garbage-first heap   total 382976K, used 326789K [0x0000000704c00000, 0x0000000800000000)
  region size 2048K, 99 young (202752K), 8 survivors (16384K)
 Metaspace       used 95220K, committed 95872K, reserved 1179648K
  class space    used 12547K, committed 12864K, reserved 1048576K
}
Event: 7.987 GC heap after
{Heap after GC invocations=37 (full 0):
 garbage-first heap   total 382976K, used 142461K [0x0000000704c00000, 0x0000000800000000)
  region size 2048K, 8 young (16384K), 8 survivors (16384K)
 Metaspace       used 95220K, committed 95872K, reserved 1179648K
  class space    used 12547K, committed 12864K, reserved 1048576K
}
Event: 8.265 GC heap before
{Heap before GC invocations=37 (full 0):
 garbage-first heap   total 382976K, used 324733K [0x0000000704c00000, 0x0000000800000000)
  region size 2048K, 97 young (198656K), 8 survivors (16384K)
 Metaspace       used 96710K, committed 97344K, reserved 1179648K
  class space    used 12749K, committed 13056K, reserved 1048576K
}

