# JRE version: Java(TM) SE Runtime Environment (17.0.12+8) (build 17.0.12+8-LTS-286)
# Java VM: Java HotSpot(TM) 64-Bit Server VM (17.0.12+8-LTS-286, mixed mode, emulated-client, sharing, tiered, compressed oops, compressed class ptrs, g1 gc, windows-amd64)
GC Precious Log:
 CPUs: 20 total, 20 available
 Memory: 16072M
 Large Page Support: Disabled
 NUMA Support: Disabled
 Compressed Oops: Enabled (Zero based)
 Heap Region Size: 2M
 Heap Min Capacity: 8M
 Heap Initial Capacity: 252M
 Heap Max Capacity: 4020M
 Pre-touch: Disabled
 Parallel Workers: 15
 Concurrent Workers: 4
 Concurrent Refinement Workers: 15
 Periodic GC: Disabled
Heap:
 garbage-first heap   total 458752K, used 293895K [0x0000000704c00000, 0x0000000800000000)
  region size 2048K, 19 young (38912K), 10 survivors (20480K)
 Metaspace       used 101711K, committed 102336K, reserved 1179648K
  class space    used 13472K, committed 13760K, reserved 1048576K
GC Heap History (20 events):
Event: 7.022 GC heap before
{Heap before GC invocations=30 (full 0):
 garbage-first heap   total 430080K, used 355400K [0x0000000704c00000, 0x0000000800000000)
  region size 2048K, 115 young (235520K), 1 survivors (2048K)
 Metaspace       used 84163K, committed 84800K, reserved 1179648K
  class space    used 11002K, committed 11264K, reserved 1048576K
}
Event: 7.025 GC heap after
{Heap after GC invocations=31 (full 0):
 garbage-first heap   total 430080K, used 124600K [0x0000000704c00000, 0x0000000800000000)
  region size 2048K, 2 young (4096K), 2 survivors (4096K)
 Metaspace       used 84163K, committed 84800K, reserved 1179648K
  class space    used 11002K, committed 11264K, reserved 1048576K
}
Event: 7.416 GC heap before
{Heap before GC invocations=31 (full 0):
 garbage-first heap   total 430080K, used 360120K [0x0000000704c00000, 0x0000000800000000)
  region size 2048K, 117 young (239616K), 2 survivors (4096K)
 Metaspace       used 86140K, committed 86784K, reserved 1179648K
  class space    used 11275K, committed 11584K, reserved 1048576K
}
Event: 7.419 GC heap after
{Heap after GC invocations=32 (full 0):
 garbage-first heap   total 430080K, used 127878K [0x0000000704c00000, 0x0000000800000000)
  region size 2048K, 4 young (8192K), 4 survivors (8192K)
 Metaspace       used 86140K, committed 86784K, reserved 1179648K
  class space    used 11275K, committed 11584K, reserved 1048576K
}
Event: 7.813 GC heap before
{Heap before GC invocations=32 (full 0):
 garbage-first heap   total 430080K, used 363398K [0x0000000704c00000, 0x0000000800000000)
  region size 2048K, 119 young (243712K), 4 survivors (8192K)
 Metaspace       used 88142K, committed 88768K, reserved 1179648K
  class space    used 11558K, committed 11840K, reserved 1048576K
}
Event: 7.816 GC heap after
{Heap after GC invocations=33 (full 0):
 garbage-first heap   total 430080K, used 131038K [0x0000000704c00000, 0x0000000800000000)
  region size 2048K, 5 young (10240K), 5 survivors (10240K)
 Metaspace       used 88142K, committed 88768K, reserved 1179648K
  class space    used 11558K, committed 11840K, reserved 1048576K
}
Event: 8.197 GC heap before
{Heap before GC invocations=33 (full 0):
 garbage-first heap   total 430080K, used 366558K [0x0000000704c00000, 0x0000000800000000)
  region size 2048K, 120 young (245760K), 5 survivors (10240K)
 Metaspace       used 90111K, committed 90688K, reserved 1179648K
  class space    used 11834K, committed 12096K, reserved 1048576K
}
Event: 8.201 GC heap after
{Heap after GC invocations=34 (full 0):
 garbage-first heap   total 430080K, used 133913K [0x0000000704c00000, 0x0000000800000000)
  region size 2048K, 7 young (14336K), 7 survivors (14336K)
 Metaspace       used 90111K, committed 90688K, reserved 1179648K
  class space    used 11834K, committed 12096K, reserved 1048576K
}
Event: 8.581 GC heap before
{Heap before GC invocations=34 (full 0):
 garbage-first heap   total 430080K, used 369433K [0x0000000704c00000, 0x0000000800000000)
  region size 2048K, 122 young (249856K), 7 survivors (14336K)
 Metaspace       used 92075K, committed 92736K, reserved 1179648K
  class space    used 12107K, committed 12416K, reserved 1048576K
}
Event: 8.585 GC heap after
{Heap after GC invocations=35 (full 0):
 garbage-first heap   total 430080K, used 137015K [0x0000000704c00000, 0x0000000800000000)
  region size 2048K, 8 young (16384K), 8 survivors (16384K)
 Metaspace       used 92075K, committed 92736K, reserved 1179648K
  class space    used 12107K, committed 12416K, reserved 1048576K
}
Event: 8.969 GC heap before
{Heap before GC invocations=35 (full 0):
 garbage-first heap   total 430080K, used 368439K [0x0000000704c00000, 0x0000000800000000)
  region size 2048K, 121 young (247808K), 8 survivors (16384K)
 Metaspace       used 93980K, committed 94656K, reserved 1179648K
  class space    used 12370K, committed 12672K, reserved 1048576K
}
Event: 8.972 GC heap after
{Heap after GC invocations=36 (full 0):
 garbage-first heap   total 430080K, used 139853K [0x0000000704c00000, 0x0000000800000000)
  region size 2048K, 10 young (20480K), 10 survivors (20480K)
 Metaspace       used 93980K, committed 94656K, reserved 1179648K
  class space    used 12370K, committed 12672K, reserved 1048576K
}
Event: 9.333 GC heap before
{Heap before GC invocations=36 (full 0):
 garbage-first heap   total 430080K, used 363085K [0x0000000704c00000, 0x0000000800000000)
  region size 2048K, 119 young (243712K), 10 survivors (20480K)
 Metaspace       used 95833K, committed 96448K, reserved 1179648K
  class space    used 12629K, committed 12928K, reserved 1048576K
}
Event: 9.338 GC heap after
{Heap after GC invocations=37 (full 0):
 garbage-first heap   total 430080K, used 143229K [0x0000000704c00000, 0x0000000800000000)
  region size 2048K, 10 young (20480K), 10 survivors (20480K)
 Metaspace       used 95833K, committed 96448K, reserved 1179648K
  class space    used 12629K, committed 12928K, reserved 1048576K
}
Event: 9.680 GC heap before
{Heap before GC invocations=37 (full 0):
 garbage-first heap   total 430080K, used 362365K [0x0000000704c00000, 0x0000000800000000)
  region size 2048K, 117 young (239616K), 10 survivors (20480K)
 Metaspace       used 97621K, committed 98240K, reserved 1179648K
  class space    used 12880K, committed 13184K, reserved 1048576K
}
Event: 9.686 GC heap after
{Heap after GC invocations=38 (full 0):
 garbage-first heap   total 430080K, used 146226K [0x0000000704c00000, 0x0000000800000000)
  region size 2048K, 9 young (18432K), 9 survivors (18432K)
 Metaspace       used 97621K, committed 98240K, reserved 1179648K
  class space    used 12880K, committed 13184K, reserved 1048576K
}
Event: 10.309 GC heap before
{Heap before GC invocations=38 (full 0):
 garbage-first heap   total 430080K, used 367410K [0x0000000704c00000, 0x0000000800000000)
  region size 2048K, 117 young (239616K), 9 survivors (18432K)
 Metaspace       used 101116K, committed 101760K, reserved 1179648K
  class space    used 13380K, committed 13696K, reserved 1048576K
}
Event: 10.332 GC heap after
{Heap after GC invocations=39 (full 0):
 garbage-first heap   total 456704K, used 216386K [0x0000000704c00000, 0x0000000800000000)
  region size 2048K, 15 young (30720K), 15 survivors (30720K)
 Metaspace       used 101116K, committed 101760K, reserved 1179648K
  class space    used 13380K, committed 13696K, reserved 1048576K
}
Event: 10.612 GC heap before
{Heap before GC invocations=39 (full 0):
 garbage-first heap   total 456704K, used 337218K [0x0000000704c00000, 0x0000000800000000)
  region size 2048K, 74 young (151552K), 15 survivors (30720K)
 Metaspace       used 101711K, committed 102336K, reserved 1179648K
  class space    used 13472K, committed 13760K, reserved 1048576K
}
Event: 10.633 GC heap after
{Heap after GC invocations=40 (full 0):
 garbage-first heap   total 456704K, used 277511K [0x0000000704c00000, 0x0000000800000000)
  region size 2048K, 10 young (20480K), 10 survivors (20480K)
 Metaspace       used 101711K, committed 102336K, reserved 1179648K
  class space    used 13472K, committed 13760K, reserved 1048576K
}

