# JRE version: Java(TM) SE Runtime Environment (17.0.12+8) (build 17.0.12+8-LTS-286)
# Java VM: Java HotSpot(TM) 64-Bit Server VM (17.0.12+8-LTS-286, mixed mode, emulated-client, sharing, tiered, compressed oops, compressed class ptrs, g1 gc, windows-amd64)
GC Precious Log:
 CPUs: 20 total, 20 available
 Memory: 16072M
 Large Page Support: Disabled
 NUMA Support: Disabled
 Compressed Oops: Enabled (Zero based)
 Heap Region Size: 2M
 Heap Min Capacity: 8M
 Heap Initial Capacity: 252M
 Heap Max Capacity: 4020M
 Pre-touch: Disabled
 Parallel Workers: 15
 Concurrent Workers: 4
 Concurrent Refinement Workers: 15
 Periodic GC: Disabled
Heap:
 garbage-first heap   total 385024K, used 130206K [0x0000000704c00000, 0x0000000800000000)
  region size 2048K, 9 young (18432K), 9 survivors (18432K)
 Metaspace       used 84998K, committed 85632K, reserved 1179648K
  class space    used 11089K, committed 11392K, reserved 1048576K
GC Heap History (20 events):
Event: 6.269 GC heap after
{Heap after GC invocations=23 (full 0):
 garbage-first heap   total 157696K, used 88159K [0x0000000704c00000, 0x0000000800000000)
  region size 2048K, 3 young (6144K), 3 survivors (6144K)
 Metaspace       used 66666K, committed 67200K, reserved 1114112K
  class space    used 8429K, committed 8704K, reserved 1048576K
}
Event: 6.362 GC heap before
{Heap before GC invocations=24 (full 0):
 garbage-first heap   total 161792K, used 116831K [0x0000000704c00000, 0x0000000800000000)
  region size 2048K, 17 young (34816K), 3 survivors (6144K)
 Metaspace       used 66708K, committed 67264K, reserved 1114112K
  class space    used 8434K, committed 8704K, reserved 1048576K
}
Event: 6.367 GC heap after
{Heap after GC invocations=25 (full 0):
 garbage-first heap   total 161792K, used 97318K [0x0000000704c00000, 0x0000000800000000)
  region size 2048K, 3 young (6144K), 3 survivors (6144K)
 Metaspace       used 66708K, committed 67264K, reserved 1114112K
  class space    used 8434K, committed 8704K, reserved 1048576K
}
Event: 6.374 GC heap before
{Heap before GC invocations=25 (full 0):
 garbage-first heap   total 161792K, used 99366K [0x0000000704c00000, 0x0000000800000000)
  region size 2048K, 4 young (8192K), 3 survivors (6144K)
 Metaspace       used 66708K, committed 67264K, reserved 1114112K
  class space    used 8434K, committed 8704K, reserved 1048576K
}
Event: 6.377 GC heap after
{Heap after GC invocations=26 (full 0):
 garbage-first heap   total 161792K, used 99131K [0x0000000704c00000, 0x0000000800000000)
  region size 2048K, 1 young (2048K), 1 survivors (2048K)
 Metaspace       used 66708K, committed 67264K, reserved 1114112K
  class space    used 8434K, committed 8704K, reserved 1048576K
}
Event: 6.447 GC heap before
{Heap before GC invocations=26 (full 0):
 garbage-first heap   total 161792K, used 123707K [0x0000000704c00000, 0x0000000800000000)
  region size 2048K, 13 young (26624K), 1 survivors (2048K)
 Metaspace       used 66708K, committed 67264K, reserved 1114112K
  class space    used 8434K, committed 8704K, reserved 1048576K
}
Event: 6.450 GC heap after
{Heap after GC invocations=27 (full 0):
 garbage-first heap   total 161792K, used 106653K [0x0000000704c00000, 0x0000000800000000)
  region size 2048K, 2 young (4096K), 2 survivors (4096K)
 Metaspace       used 66708K, committed 67264K, reserved 1114112K
  class space    used 8434K, committed 8704K, reserved 1048576K
}
Event: 6.523 GC heap before
{Heap before GC invocations=28 (full 0):
 garbage-first heap   total 192512K, used 127133K [0x0000000704c00000, 0x0000000800000000)
  region size 2048K, 12 young (24576K), 2 survivors (4096K)
 Metaspace       used 66708K, committed 67264K, reserved 1114112K
  class space    used 8434K, committed 8704K, reserved 1048576K
}
Event: 6.527 GC heap after
{Heap after GC invocations=29 (full 0):
 garbage-first heap   total 385024K, used 113248K [0x0000000704c00000, 0x0000000800000000)
  region size 2048K, 2 young (4096K), 2 survivors (4096K)
 Metaspace       used 66708K, committed 67264K, reserved 1114112K
  class space    used 8434K, committed 8704K, reserved 1048576K
}
Event: 6.585 GC heap before
{Heap before GC invocations=29 (full 0):
 garbage-first heap   total 385024K, used 127584K [0x0000000704c00000, 0x0000000800000000)
  region size 2048K, 9 young (18432K), 2 survivors (4096K)
 Metaspace       used 66799K, committed 67328K, reserved 1114112K
  class space    used 8450K, committed 8704K, reserved 1048576K
}
Event: 6.589 GC heap after
{Heap after GC invocations=30 (full 0):
 garbage-first heap   total 385024K, used 116081K [0x0000000704c00000, 0x0000000800000000)
  region size 2048K, 2 young (4096K), 2 survivors (4096K)
 Metaspace       used 66799K, committed 67328K, reserved 1114112K
  class space    used 8450K, committed 8704K, reserved 1048576K
}
Event: 7.356 GC heap before
{Heap before GC invocations=30 (full 0):
 garbage-first heap   total 385024K, used 247153K [0x0000000704c00000, 0x0000000800000000)
  region size 2048K, 66 young (135168K), 2 survivors (4096K)
 Metaspace       used 79113K, committed 79744K, reserved 1179648K
  class space    used 10275K, committed 10560K, reserved 1048576K
}
Event: 7.361 GC heap after
{Heap after GC invocations=31 (full 0):
 garbage-first heap   total 385024K, used 120181K [0x0000000704c00000, 0x0000000800000000)
  region size 2048K, 4 young (8192K), 4 survivors (8192K)
 Metaspace       used 79113K, committed 79744K, reserved 1179648K
  class space    used 10275K, committed 10560K, reserved 1048576K
}
Event: 7.680 GC heap before
{Heap before GC invocations=31 (full 0):
 garbage-first heap   total 385024K, used 271733K [0x0000000704c00000, 0x0000000800000000)
  region size 2048K, 78 young (159744K), 4 survivors (8192K)
 Metaspace       used 80420K, committed 81088K, reserved 1179648K
  class space    used 10458K, committed 10752K, reserved 1048576K
}
Event: 7.684 GC heap after
{Heap after GC invocations=32 (full 0):
 garbage-first heap   total 385024K, used 122220K [0x0000000704c00000, 0x0000000800000000)
  region size 2048K, 5 young (10240K), 5 survivors (10240K)
 Metaspace       used 80420K, committed 81088K, reserved 1179648K
  class space    used 10458K, committed 10752K, reserved 1048576K
}
Event: 8.002 GC heap before
{Heap before GC invocations=32 (full 0):
 garbage-first heap   total 385024K, used 298348K [0x0000000704c00000, 0x0000000800000000)
  region size 2048K, 91 young (186368K), 5 survivors (10240K)
 Metaspace       used 81895K, committed 82560K, reserved 1179648K
  class space    used 10659K, committed 10944K, reserved 1048576K
}
Event: 8.007 GC heap after
{Heap after GC invocations=33 (full 0):
 garbage-first heap   total 385024K, used 124638K [0x0000000704c00000, 0x0000000800000000)
  region size 2048K, 6 young (12288K), 6 survivors (12288K)
 Metaspace       used 81895K, committed 82560K, reserved 1179648K
  class space    used 10659K, committed 10944K, reserved 1048576K
}
Event: 8.328 GC heap before
{Heap before GC invocations=33 (full 0):
 garbage-first heap   total 385024K, used 306910K [0x0000000704c00000, 0x0000000800000000)
  region size 2048K, 95 young (194560K), 6 survivors (12288K)
 Metaspace       used 83451K, committed 84032K, reserved 1179648K
  class space    used 10881K, committed 11136K, reserved 1048576K
}
Event: 8.334 GC heap after
{Heap after GC invocations=34 (full 0):
 garbage-first heap   total 385024K, used 127291K [0x0000000704c00000, 0x0000000800000000)
  region size 2048K, 7 young (14336K), 7 survivors (14336K)
 Metaspace       used 83451K, committed 84032K, reserved 1179648K
  class space    used 10881K, committed 11136K, reserved 1048576K
}
Event: 8.633 GC heap before
{Heap before GC invocations=34 (full 0):
 garbage-first heap   total 385024K, used 315707K [0x0000000704c00000, 0x0000000800000000)
  region size 2048K, 99 young (202752K), 7 survivors (14336K)
 Metaspace       used 84998K, committed 85632K, reserved 1179648K
  class space    used 11089K, committed 11392K, reserved 1048576K
}

