# JRE version: Java(TM) SE Runtime Environment (17.0.12+8) (build 17.0.12+8-LTS-286)
# Java VM: Java HotSpot(TM) 64-Bit Server VM (17.0.12+8-LTS-286, mixed mode, sharing, tiered, compressed oops, compressed class ptrs, g1 gc, windows-amd64)
GC Precious Log:
 CPUs: 20 total, 20 available
 Memory: 16072M
 Large Page Support: Disabled
 NUMA Support: Disabled
 Compressed Oops: Enabled (Zero based)
 Heap Region Size: 2M
 Heap Min Capacity: 8M
 Heap Initial Capacity: 252M
 Heap Max Capacity: 4020M
 Pre-touch: Disabled
 Parallel Workers: 15
 Concurrent Workers: 4
 Concurrent Refinement Workers: 15
 Periodic GC: Disabled
Heap:
 garbage-first heap   total 258048K, used 123632K [0x0000000704c00000, 0x0000000800000000)
  region size 2048K, 1 young (2048K), 1 survivors (2048K)
 Metaspace       used 84466K, committed 84992K, reserved 1179648K
  class space    used 10368K, committed 10624K, reserved 1048576K
GC Heap History (20 events):
Event: 3.893 GC heap after
{Heap after GC invocations=15 (full 0):
 garbage-first heap   total 147456K, used 45114K [0x0000000704c00000, 0x0000000800000000)
  region size 2048K, 3 young (6144K), 3 survivors (6144K)
 Metaspace       used 59689K, committed 60160K, reserved 1114112K
  class space    used 7594K, committed 7808K, reserved 1048576K
}
Event: 4.586 GC heap before
{Heap before GC invocations=16 (full 0):
 garbage-first heap   total 147456K, used 114746K [0x0000000704c00000, 0x0000000800000000)
  region size 2048K, 37 young (75776K), 3 survivors (6144K)
 Metaspace       used 70394K, committed 70848K, reserved 1114112K
  class space    used 8495K, committed 8704K, reserved 1048576K
}
Event: 4.596 GC heap after
{Heap after GC invocations=17 (full 0):
 garbage-first heap   total 147456K, used 58451K [0x0000000704c00000, 0x0000000800000000)
  region size 2048K, 5 young (10240K), 5 survivors (10240K)
 Metaspace       used 70394K, committed 70848K, reserved 1114112K
  class space    used 8495K, committed 8704K, reserved 1048576K
}
Event: 4.808 GC heap before
{Heap before GC invocations=17 (full 0):
 garbage-first heap   total 147456K, used 109651K [0x0000000704c00000, 0x0000000800000000)
  region size 2048K, 30 young (61440K), 5 survivors (10240K)
 Metaspace       used 70676K, committed 71168K, reserved 1114112K
  class space    used 8500K, committed 8704K, reserved 1048576K
}
Event: 4.823 GC heap after
{Heap after GC invocations=18 (full 0):
 garbage-first heap   total 147456K, used 75188K [0x0000000704c00000, 0x0000000800000000)
  region size 2048K, 4 young (8192K), 4 survivors (8192K)
 Metaspace       used 70676K, committed 71168K, reserved 1114112K
  class space    used 8500K, committed 8704K, reserved 1048576K
}
Event: 4.936 GC heap before
{Heap before GC invocations=18 (full 0):
 garbage-first heap   total 147456K, used 107956K [0x0000000704c00000, 0x0000000800000000)
  region size 2048K, 20 young (40960K), 4 survivors (8192K)
 Metaspace       used 70721K, committed 71168K, reserved 1114112K
  class space    used 8501K, committed 8704K, reserved 1048576K
}
Event: 4.946 GC heap after
{Heap after GC invocations=19 (full 0):
 garbage-first heap   total 147456K, used 87036K [0x0000000704c00000, 0x0000000800000000)
  region size 2048K, 3 young (6144K), 3 survivors (6144K)
 Metaspace       used 70721K, committed 71168K, reserved 1114112K
  class space    used 8501K, committed 8704K, reserved 1048576K
}
Event: 5.048 GC heap before
{Heap before GC invocations=20 (full 0):
 garbage-first heap   total 151552K, used 111612K [0x0000000704c00000, 0x0000000800000000)
  region size 2048K, 15 young (30720K), 3 survivors (6144K)
 Metaspace       used 70721K, committed 71168K, reserved 1114112K
  class space    used 8501K, committed 8704K, reserved 1048576K
}
Event: 5.056 GC heap after
{Heap after GC invocations=21 (full 0):
 garbage-first heap   total 151552K, used 95065K [0x0000000704c00000, 0x0000000800000000)
  region size 2048K, 2 young (4096K), 2 survivors (4096K)
 Metaspace       used 70721K, committed 71168K, reserved 1114112K
  class space    used 8501K, committed 8704K, reserved 1048576K
}
Event: 5.064 GC heap before
{Heap before GC invocations=21 (full 0):
 garbage-first heap   total 151552K, used 97113K [0x0000000704c00000, 0x0000000800000000)
  region size 2048K, 3 young (6144K), 2 survivors (4096K)
 Metaspace       used 70722K, committed 71168K, reserved 1114112K
  class space    used 8501K, committed 8704K, reserved 1048576K
}
Event: 5.071 GC heap after
{Heap after GC invocations=22 (full 0):
 garbage-first heap   total 225280K, used 95821K [0x0000000704c00000, 0x0000000800000000)
  region size 2048K, 1 young (2048K), 1 survivors (2048K)
 Metaspace       used 70722K, committed 71168K, reserved 1114112K
  class space    used 8501K, committed 8704K, reserved 1048576K
}
Event: 5.309 GC heap before
{Heap before GC invocations=22 (full 0):
 garbage-first heap   total 225280K, used 159309K [0x0000000704c00000, 0x0000000800000000)
  region size 2048K, 32 young (65536K), 1 survivors (2048K)
 Metaspace       used 70769K, committed 71232K, reserved 1114112K
  class space    used 8506K, committed 8704K, reserved 1048576K
}
Event: 5.317 GC heap after
{Heap after GC invocations=23 (full 0):
 garbage-first heap   total 225280K, used 115204K [0x0000000704c00000, 0x0000000800000000)
  region size 2048K, 4 young (8192K), 4 survivors (8192K)
 Metaspace       used 70769K, committed 71232K, reserved 1114112K
  class space    used 8506K, committed 8704K, reserved 1048576K
}
Event: 5.639 GC heap before
{Heap before GC invocations=23 (full 0):
 garbage-first heap   total 225280K, used 164356K [0x0000000704c00000, 0x0000000800000000)
  region size 2048K, 28 young (57344K), 4 survivors (8192K)
 Metaspace       used 75263K, committed 75712K, reserved 1179648K
  class space    used 9007K, committed 9216K, reserved 1048576K
}
Event: 5.646 GC heap after
{Heap after GC invocations=24 (full 0):
 garbage-first heap   total 225280K, used 122350K [0x0000000704c00000, 0x0000000800000000)
  region size 2048K, 3 young (6144K), 3 survivors (6144K)
 Metaspace       used 75263K, committed 75712K, reserved 1179648K
  class space    used 9007K, committed 9216K, reserved 1048576K
}
Event: 6.069 GC heap before
{Heap before GC invocations=25 (full 0):
 garbage-first heap   total 225280K, used 171502K [0x0000000704c00000, 0x0000000800000000)
  region size 2048K, 27 young (55296K), 3 survivors (6144K)
 Metaspace       used 83580K, committed 84096K, reserved 1179648K
  class space    used 10296K, committed 10496K, reserved 1048576K
}
Event: 6.073 GC heap after
{Heap after GC invocations=26 (full 0):
 garbage-first heap   total 225280K, used 123878K [0x0000000704c00000, 0x0000000800000000)
  region size 2048K, 1 young (2048K), 1 survivors (2048K)
 Metaspace       used 83580K, committed 84096K, reserved 1179648K
  class space    used 10296K, committed 10496K, reserved 1048576K
}
Event: 6.102 GC heap before
{Heap before GC invocations=26 (full 0):
 garbage-first heap   total 225280K, used 132070K [0x0000000704c00000, 0x0000000800000000)
  region size 2048K, 5 young (10240K), 1 survivors (2048K)
 Metaspace       used 83800K, committed 84352K, reserved 1179648K
  class space    used 10305K, committed 10560K, reserved 1048576K
}
Event: 6.104 GC heap after
{Heap after GC invocations=27 (full 0):
 garbage-first heap   total 225280K, used 123454K [0x0000000704c00000, 0x0000000800000000)
  region size 2048K, 1 young (2048K), 1 survivors (2048K)
 Metaspace       used 83800K, committed 84352K, reserved 1179648K
  class space    used 10305K, committed 10560K, reserved 1048576K
}
Event: 6.270 GC heap before
{Heap before GC invocations=27 (full 0):
 garbage-first heap   total 225280K, used 174654K [0x0000000704c00000, 0x0000000800000000)
  region size 2048K, 26 young (53248K), 1 survivors (2048K)
 Metaspace       used 84466K, committed 84992K, reserved 1179648K
  class space    used 10368K, committed 10624K, reserved 1048576K
}

