# JRE version: Java(TM) SE Runtime Environment (17.0.12+8) (build 17.0.12+8-LTS-286)
# Java VM: Java HotSpot(TM) 64-Bit Server VM (17.0.12+8-LTS-286, mixed mode, sharing, tiered, compressed oops, compressed class ptrs, g1 gc, windows-amd64)
GC Precious Log:
 CPUs: 20 total, 20 available
 Memory: 16072M
 Large Page Support: Disabled
 NUMA Support: Disabled
 Compressed Oops: Enabled (Zero based)
 Heap Region Size: 2M
 Heap Min Capacity: 8M
 Heap Initial Capacity: 252M
 Heap Max Capacity: 4020M
 Pre-touch: Disabled
 Parallel Workers: 15
 Concurrent Workers: 4
 Concurrent Refinement Workers: 15
 Periodic GC: Disabled
Heap:
 garbage-first heap   total 602112K, used 508578K [0x0000000704c00000, 0x0000000800000000)
  region size 2048K, 83 young (169984K), 6 survivors (12288K)
 Metaspace       used 133083K, committed 133696K, reserved 1179648K
  class space    used 16819K, committed 17152K, reserved 1048576K
GC Heap History (20 events):
Event: 14.219 GC heap before
{Heap before GC invocations=56 (full 0):
 garbage-first heap   total 501760K, used 417972K [0x0000000704c00000, 0x0000000800000000)
  region size 2048K, 55 young (112640K), 5 survivors (10240K)
 Metaspace       used 124827K, committed 125440K, reserved 1179648K
  class space    used 15914K, committed 16192K, reserved 1048576K
}
Event: 14.223 GC heap after
{Heap after GC invocations=57 (full 0):
 garbage-first heap   total 501760K, used 319547K [0x0000000704c00000, 0x0000000800000000)
  region size 2048K, 5 young (10240K), 5 survivors (10240K)
 Metaspace       used 124827K, committed 125440K, reserved 1179648K
  class space    used 15914K, committed 16192K, reserved 1048576K
}
Event: 14.393 GC heap before
{Heap before GC invocations=57 (full 0):
 garbage-first heap   total 501760K, used 421947K [0x0000000704c00000, 0x0000000800000000)
  region size 2048K, 55 young (112640K), 5 survivors (10240K)
 Metaspace       used 124963K, committed 125568K, reserved 1179648K
  class space    used 15921K, committed 16192K, reserved 1048576K
}
Event: 14.396 GC heap after
{Heap after GC invocations=58 (full 0):
 garbage-first heap   total 501760K, used 323683K [0x0000000704c00000, 0x0000000800000000)
  region size 2048K, 5 young (10240K), 5 survivors (10240K)
 Metaspace       used 124963K, committed 125568K, reserved 1179648K
  class space    used 15921K, committed 16192K, reserved 1048576K
}
Event: 14.561 GC heap before
{Heap before GC invocations=58 (full 0):
 garbage-first heap   total 501760K, used 426083K [0x0000000704c00000, 0x0000000800000000)
  region size 2048K, 55 young (112640K), 5 survivors (10240K)
 Metaspace       used 125177K, committed 125696K, reserved 1179648K
  class space    used 15941K, committed 16192K, reserved 1048576K
}
Event: 14.564 GC heap after
{Heap after GC invocations=59 (full 0):
 garbage-first heap   total 501760K, used 327670K [0x0000000704c00000, 0x0000000800000000)
  region size 2048K, 5 young (10240K), 5 survivors (10240K)
 Metaspace       used 125177K, committed 125696K, reserved 1179648K
  class space    used 15941K, committed 16192K, reserved 1048576K
}
Event: 14.773 GC heap before
{Heap before GC invocations=59 (full 0):
 garbage-first heap   total 501760K, used 428022K [0x0000000704c00000, 0x0000000800000000)
  region size 2048K, 54 young (110592K), 5 survivors (10240K)
 Metaspace       used 125995K, committed 126592K, reserved 1179648K
  class space    used 15980K, committed 16256K, reserved 1048576K
}
Event: 14.776 GC heap after
{Heap after GC invocations=60 (full 0):
 garbage-first heap   total 501760K, used 330897K [0x0000000704c00000, 0x0000000800000000)
  region size 2048K, 4 young (8192K), 4 survivors (8192K)
 Metaspace       used 125995K, committed 126592K, reserved 1179648K
  class space    used 15980K, committed 16256K, reserved 1048576K
}
Event: 14.950 GC heap before
{Heap before GC invocations=60 (full 0):
 garbage-first heap   total 501760K, used 431249K [0x0000000704c00000, 0x0000000800000000)
  region size 2048K, 53 young (108544K), 4 survivors (8192K)
 Metaspace       used 126575K, committed 127232K, reserved 1179648K
  class space    used 16014K, committed 16320K, reserved 1048576K
}
Event: 14.954 GC heap after
{Heap after GC invocations=61 (full 0):
 garbage-first heap   total 501760K, used 334118K [0x0000000704c00000, 0x0000000800000000)
  region size 2048K, 6 young (12288K), 6 survivors (12288K)
 Metaspace       used 126575K, committed 127232K, reserved 1179648K
  class space    used 16014K, committed 16320K, reserved 1048576K
}
Event: 15.108 GC heap before
{Heap before GC invocations=61 (full 0):
 garbage-first heap   total 501760K, used 432422K [0x0000000704c00000, 0x0000000800000000)
  region size 2048K, 54 young (110592K), 6 survivors (12288K)
 Metaspace       used 126807K, committed 127424K, reserved 1179648K
  class space    used 16028K, committed 16320K, reserved 1048576K
}
Event: 15.112 GC heap after
{Heap after GC invocations=62 (full 0):
 garbage-first heap   total 501760K, used 338115K [0x0000000704c00000, 0x0000000800000000)
  region size 2048K, 6 young (12288K), 6 survivors (12288K)
 Metaspace       used 126807K, committed 127424K, reserved 1179648K
  class space    used 16028K, committed 16320K, reserved 1048576K
}
Event: 15.262 GC heap before
{Heap before GC invocations=62 (full 0):
 garbage-first heap   total 501760K, used 434371K [0x0000000704c00000, 0x0000000800000000)
  region size 2048K, 53 young (108544K), 6 survivors (12288K)
 Metaspace       used 126835K, committed 127424K, reserved 1179648K
  class space    used 16029K, committed 16320K, reserved 1048576K
}
Event: 15.266 GC heap after
{Heap after GC invocations=63 (full 0):
 garbage-first heap   total 501760K, used 342347K [0x0000000704c00000, 0x0000000800000000)
  region size 2048K, 6 young (12288K), 6 survivors (12288K)
 Metaspace       used 126835K, committed 127424K, reserved 1179648K
  class space    used 16029K, committed 16320K, reserved 1048576K
}
Event: 15.431 GC heap before
{Heap before GC invocations=63 (full 0):
 garbage-first heap   total 501760K, used 436555K [0x0000000704c00000, 0x0000000800000000)
  region size 2048K, 52 young (106496K), 6 survivors (12288K)
 Metaspace       used 127304K, committed 127872K, reserved 1179648K
  class space    used 16057K, committed 16320K, reserved 1048576K
}
Event: 15.435 GC heap after
{Heap after GC invocations=64 (full 0):
 garbage-first heap   total 501760K, used 345430K [0x0000000704c00000, 0x0000000800000000)
  region size 2048K, 4 young (8192K), 4 survivors (8192K)
 Metaspace       used 127304K, committed 127872K, reserved 1179648K
  class space    used 16057K, committed 16320K, reserved 1048576K
}
Event: 15.565 GC heap before
{Heap before GC invocations=64 (full 0):
 garbage-first heap   total 501760K, used 437590K [0x0000000704c00000, 0x0000000800000000)
  region size 2048K, 49 young (100352K), 4 survivors (8192K)
 Metaspace       used 127477K, committed 128064K, reserved 1179648K
  class space    used 16068K, committed 16320K, reserved 1048576K
}
Event: 15.568 GC heap after
{Heap after GC invocations=65 (full 0):
 garbage-first heap   total 501760K, used 348293K [0x0000000704c00000, 0x0000000800000000)
  region size 2048K, 6 young (12288K), 6 survivors (12288K)
 Metaspace       used 127477K, committed 128064K, reserved 1179648K
  class space    used 16068K, committed 16320K, reserved 1048576K
}
Event: 15.834 GC heap before
{Heap before GC invocations=65 (full 0):
 garbage-first heap   total 501760K, used 436357K [0x0000000704c00000, 0x0000000800000000)
  region size 2048K, 49 young (100352K), 6 survivors (12288K)
 Metaspace       used 129024K, committed 129664K, reserved 1179648K
  class space    used 16244K, committed 16576K, reserved 1048576K
}
Event: 15.838 GC heap after
{Heap after GC invocations=66 (full 0):
 garbage-first heap   total 602112K, used 352930K [0x0000000704c00000, 0x0000000800000000)
  region size 2048K, 6 young (12288K), 6 survivors (12288K)
 Metaspace       used 129024K, committed 129664K, reserved 1179648K
  class space    used 16244K, committed 16576K, reserved 1048576K
}

