# JRE version: Java(TM) SE Runtime Environment (17.0.12+8) (build 17.0.12+8-LTS-286)
# Java VM: Java HotSpot(TM) 64-Bit Server VM (17.0.12+8-LTS-286, mixed mode, emulated-client, sharing, tiered, compressed oops, compressed class ptrs, g1 gc, windows-amd64)
GC Precious Log:
 CPUs: 20 total, 20 available
 Memory: 16072M
 Large Page Support: Disabled
 NUMA Support: Disabled
 Compressed Oops: Enabled (Zero based)
 Heap Region Size: 2M
 Heap Min Capacity: 8M
 Heap Initial Capacity: 252M
 Heap Max Capacity: 4020M
 Pre-touch: Disabled
 Parallel Workers: 15
 Concurrent Workers: 4
 Concurrent Refinement Workers: 15
 Periodic GC: Disabled
Heap:
 garbage-first heap   total 563200K, used 299990K [0x0000000704c00000, 0x0000000800000000)
  region size 2048K, 4 young (8192K), 4 survivors (8192K)
 Metaspace       used 118261K, committed 118976K, reserved 1179648K
  class space    used 15907K, committed 16256K, reserved 1048576K
GC Heap History (20 events):
Event: 11.183 GC heap after
{Heap after GC invocations=49 (full 0):
 garbage-first heap   total 378880K, used 148573K [0x0000000704c00000, 0x0000000800000000)
  region size 2048K, 7 young (14336K), 7 survivors (14336K)
 Metaspace       used 99395K, committed 100032K, reserved 1179648K
  class space    used 12883K, committed 13184K, reserved 1048576K
}
Event: 11.480 GC heap before
{Heap before GC invocations=49 (full 0):
 garbage-first heap   total 378880K, used 324701K [0x0000000704c00000, 0x0000000800000000)
  region size 2048K, 93 young (190464K), 7 survivors (14336K)
 Metaspace       used 100824K, committed 101440K, reserved 1179648K
  class space    used 13087K, committed 13376K, reserved 1048576K
}
Event: 11.485 GC heap after
{Heap after GC invocations=50 (full 0):
 garbage-first heap   total 378880K, used 150637K [0x0000000704c00000, 0x0000000800000000)
  region size 2048K, 7 young (14336K), 7 survivors (14336K)
 Metaspace       used 100824K, committed 101440K, reserved 1179648K
  class space    used 13087K, committed 13376K, reserved 1048576K
}
Event: 11.986 GC heap before
{Heap before GC invocations=50 (full 0):
 garbage-first heap   total 378880K, used 324717K [0x0000000704c00000, 0x0000000800000000)
  region size 2048K, 92 young (188416K), 7 survivors (14336K)
 Metaspace       used 104131K, committed 104768K, reserved 1179648K
  class space    used 13562K, committed 13888K, reserved 1048576K
}
Event: 12.002 GC heap after
{Heap after GC invocations=51 (full 0):
 garbage-first heap   total 462848K, used 195146K [0x0000000704c00000, 0x0000000800000000)
  region size 2048K, 12 young (24576K), 12 survivors (24576K)
 Metaspace       used 104131K, committed 104768K, reserved 1179648K
  class space    used 13562K, committed 13888K, reserved 1048576K
}
Event: 12.457 GC heap before
{Heap before GC invocations=51 (full 0):
 garbage-first heap   total 462848K, used 356938K [0x0000000704c00000, 0x0000000800000000)
  region size 2048K, 91 young (186368K), 12 survivors (24576K)
 Metaspace       used 104733K, committed 105344K, reserved 1179648K
  class space    used 13654K, committed 13952K, reserved 1048576K
}
Event: 12.481 GC heap after
{Heap after GC invocations=52 (full 0):
 garbage-first heap   total 468992K, used 280592K [0x0000000704c00000, 0x0000000800000000)
  region size 2048K, 12 young (24576K), 12 survivors (24576K)
 Metaspace       used 104733K, committed 105344K, reserved 1179648K
  class space    used 13654K, committed 13952K, reserved 1048576K
}
Event: 12.986 GC heap before
{Heap before GC invocations=52 (full 0):
 garbage-first heap   total 468992K, used 358416K [0x0000000704c00000, 0x0000000800000000)
  region size 2048K, 50 young (102400K), 12 survivors (24576K)
 Metaspace       used 105405K, committed 106048K, reserved 1179648K
  class space    used 13758K, committed 14080K, reserved 1048576K
}
Event: 12.994 GC heap after
{Heap after GC invocations=53 (full 0):
 garbage-first heap   total 468992K, used 292645K [0x0000000704c00000, 0x0000000800000000)
  region size 2048K, 3 young (6144K), 3 survivors (6144K)
 Metaspace       used 105405K, committed 106048K, reserved 1179648K
  class space    used 13758K, committed 14080K, reserved 1048576K
}
Event: 13.638 GC heap before
{Heap before GC invocations=54 (full 0):
 garbage-first heap   total 499712K, used 370469K [0x0000000704c00000, 0x0000000800000000)
  region size 2048K, 41 young (83968K), 3 survivors (6144K)
 Metaspace       used 105646K, committed 106304K, reserved 1179648K
  class space    used 13813K, committed 14144K, reserved 1048576K
}
Event: 13.640 GC heap after
{Heap after GC invocations=55 (full 0):
 garbage-first heap   total 499712K, used 292211K [0x0000000704c00000, 0x0000000800000000)
  region size 2048K, 3 young (6144K), 3 survivors (6144K)
 Metaspace       used 105646K, committed 106304K, reserved 1179648K
  class space    used 13813K, committed 14144K, reserved 1048576K
}
Event: 13.758 GC heap before
{Heap before GC invocations=55 (full 0):
 garbage-first heap   total 499712K, used 310643K [0x0000000704c00000, 0x0000000800000000)
  region size 2048K, 12 young (24576K), 3 survivors (6144K)
 Metaspace       used 106960K, committed 107584K, reserved 1179648K
  class space    used 14045K, committed 14336K, reserved 1048576K
}
Event: 13.761 GC heap after
{Heap after GC invocations=56 (full 0):
 garbage-first heap   total 499712K, used 290233K [0x0000000704c00000, 0x0000000800000000)
  region size 2048K, 2 young (4096K), 2 survivors (4096K)
 Metaspace       used 106960K, committed 107584K, reserved 1179648K
  class space    used 14045K, committed 14336K, reserved 1048576K
}
Event: 14.235 GC heap before
{Heap before GC invocations=56 (full 0):
 garbage-first heap   total 499712K, used 394681K [0x0000000704c00000, 0x0000000800000000)
  region size 2048K, 53 young (108544K), 2 survivors (4096K)
 Metaspace       used 113515K, committed 114176K, reserved 1179648K
  class space    used 15043K, committed 15360K, reserved 1048576K
}
Event: 14.240 GC heap after
{Heap after GC invocations=57 (full 0):
 garbage-first heap   total 499712K, used 295221K [0x0000000704c00000, 0x0000000800000000)
  region size 2048K, 4 young (8192K), 4 survivors (8192K)
 Metaspace       used 113515K, committed 114176K, reserved 1179648K
  class space    used 15043K, committed 15360K, reserved 1048576K
}
Event: 14.507 GC heap before
{Heap before GC invocations=58 (full 0):
 garbage-first heap   total 563200K, used 399669K [0x0000000704c00000, 0x0000000800000000)
  region size 2048K, 56 young (114688K), 4 survivors (8192K)
 Metaspace       used 117817K, committed 118528K, reserved 1179648K
  class space    used 15869K, committed 16192K, reserved 1048576K
}
Event: 14.510 GC heap after
{Heap after GC invocations=59 (full 0):
 garbage-first heap   total 563200K, used 298122K [0x0000000704c00000, 0x0000000800000000)
  region size 2048K, 5 young (10240K), 5 survivors (10240K)
 Metaspace       used 117817K, committed 118528K, reserved 1179648K
  class space    used 15869K, committed 16192K, reserved 1048576K
}
Event: 14.529 GC heap before
{Heap before GC invocations=59 (full 0):
 garbage-first heap   total 563200K, used 314506K [0x0000000704c00000, 0x0000000800000000)
  region size 2048K, 13 young (26624K), 5 survivors (10240K)
 Metaspace       used 117825K, committed 118592K, reserved 1179648K
  class space    used 15871K, committed 16256K, reserved 1048576K
}
Event: 14.532 GC heap after
{Heap after GC invocations=60 (full 0):
 garbage-first heap   total 563200K, used 297263K [0x0000000704c00000, 0x0000000800000000)
  region size 2048K, 2 young (4096K), 2 survivors (4096K)
 Metaspace       used 117825K, committed 118592K, reserved 1179648K
  class space    used 15871K, committed 16256K, reserved 1048576K
}
Event: 15.016 GC heap before
{Heap before GC invocations=60 (full 0):
 garbage-first heap   total 563200K, used 450863K [0x0000000704c00000, 0x0000000800000000)
  region size 2048K, 77 young (157696K), 2 survivors (4096K)
 Metaspace       used 118261K, committed 118976K, reserved 1179648K
  class space    used 15907K, committed 16256K, reserved 1048576K
}

