# JRE version: Java(TM) SE Runtime Environment (17.0.12+8) (build 17.0.12+8-LTS-286)
# Java VM: Java HotSpot(TM) 64-Bit Server VM (17.0.12+8-LTS-286, mixed mode, emulated-client, sharing, tiered, compressed oops, compressed class ptrs, g1 gc, windows-amd64)
GC Precious Log:
 CPUs: 20 total, 20 available
 Memory: 16072M
 Large Page Support: Disabled
 NUMA Support: Disabled
 Compressed Oops: Enabled (Zero based)
 Heap Region Size: 2M
 Heap Min Capacity: 8M
 Heap Initial Capacity: 252M
 Heap Max Capacity: 4020M
 Pre-touch: Disabled
 Parallel Workers: 15
 Concurrent Workers: 4
 Concurrent Refinement Workers: 15
 Periodic GC: Disabled
Heap:
 garbage-first heap   total 528384K, used 348437K [0x0000000704c00000, 0x0000000800000000)
  region size 2048K, 31 young (63488K), 3 survivors (6144K)
 Metaspace       used 110727K, committed 111360K, reserved 1179648K
  class space    used 14450K, committed 14784K, reserved 1048576K
GC Heap History (20 events):
Event: 7.736 GC heap before
{Heap before GC invocations=39 (full 0):
 garbage-first heap   total 403456K, used 347277K [0x0000000704c00000, 0x0000000800000000)
  region size 2048K, 112 young (229376K), 7 survivors (14336K)
 Metaspace       used 91243K, committed 91840K, reserved 1179648K
  class space    used 11772K, committed 12032K, reserved 1048576K
}
Event: 7.740 GC heap after
{Heap after GC invocations=40 (full 0):
 garbage-first heap   total 403456K, used 134295K [0x0000000704c00000, 0x0000000800000000)
  region size 2048K, 8 young (16384K), 8 survivors (16384K)
 Metaspace       used 91243K, committed 91840K, reserved 1179648K
  class space    used 11772K, committed 12032K, reserved 1048576K
}
Event: 8.078 GC heap before
{Heap before GC invocations=40 (full 0):
 garbage-first heap   total 403456K, used 345239K [0x0000000704c00000, 0x0000000800000000)
  region size 2048K, 111 young (227328K), 8 survivors (16384K)
 Metaspace       used 92960K, committed 93568K, reserved 1179648K
  class space    used 12009K, committed 12288K, reserved 1048576K
}
Event: 8.083 GC heap after
{Heap after GC invocations=41 (full 0):
 garbage-first heap   total 403456K, used 136709K [0x0000000704c00000, 0x0000000800000000)
  region size 2048K, 9 young (18432K), 9 survivors (18432K)
 Metaspace       used 92960K, committed 93568K, reserved 1179648K
  class space    used 12009K, committed 12288K, reserved 1048576K
}
Event: 8.412 GC heap before
{Heap before GC invocations=41 (full 0):
 garbage-first heap   total 403456K, used 341509K [0x0000000704c00000, 0x0000000800000000)
  region size 2048K, 109 young (223232K), 9 survivors (18432K)
 Metaspace       used 94601K, committed 95168K, reserved 1179648K
  class space    used 12234K, committed 12480K, reserved 1048576K
}
Event: 8.419 GC heap after
{Heap after GC invocations=42 (full 0):
 garbage-first heap   total 403456K, used 140356K [0x0000000704c00000, 0x0000000800000000)
  region size 2048K, 9 young (18432K), 9 survivors (18432K)
 Metaspace       used 94601K, committed 95168K, reserved 1179648K
  class space    used 12234K, committed 12480K, reserved 1048576K
}
Event: 8.743 GC heap before
{Heap before GC invocations=42 (full 0):
 garbage-first heap   total 403456K, used 341060K [0x0000000704c00000, 0x0000000800000000)
  region size 2048K, 107 young (219136K), 9 survivors (18432K)
 Metaspace       used 96229K, committed 96832K, reserved 1179648K
  class space    used 12457K, committed 12736K, reserved 1048576K
}
Event: 8.747 GC heap after
{Heap after GC invocations=43 (full 0):
 garbage-first heap   total 403456K, used 142330K [0x0000000704c00000, 0x0000000800000000)
  region size 2048K, 9 young (18432K), 9 survivors (18432K)
 Metaspace       used 96229K, committed 96832K, reserved 1179648K
  class space    used 12457K, committed 12736K, reserved 1048576K
}
Event: 9.070 GC heap before
{Heap before GC invocations=43 (full 0):
 garbage-first heap   total 403456K, used 340986K [0x0000000704c00000, 0x0000000800000000)
  region size 2048K, 106 young (217088K), 9 survivors (18432K)
 Metaspace       used 97826K, committed 98432K, reserved 1179648K
  class space    used 12676K, committed 12928K, reserved 1048576K
}
Event: 9.075 GC heap after
{Heap after GC invocations=44 (full 0):
 garbage-first heap   total 403456K, used 145621K [0x0000000704c00000, 0x0000000800000000)
  region size 2048K, 9 young (18432K), 9 survivors (18432K)
 Metaspace       used 97826K, committed 98432K, reserved 1179648K
  class space    used 12676K, committed 12928K, reserved 1048576K
}
Event: 9.389 GC heap before
{Heap before GC invocations=44 (full 0):
 garbage-first heap   total 403456K, used 342229K [0x0000000704c00000, 0x0000000800000000)
  region size 2048K, 105 young (215040K), 9 survivors (18432K)
 Metaspace       used 99373K, committed 99968K, reserved 1179648K
  class space    used 12884K, committed 13120K, reserved 1048576K
}
Event: 9.394 GC heap after
{Heap after GC invocations=45 (full 0):
 garbage-first heap   total 403456K, used 147711K [0x0000000704c00000, 0x0000000800000000)
  region size 2048K, 9 young (18432K), 9 survivors (18432K)
 Metaspace       used 99373K, committed 99968K, reserved 1179648K
  class space    used 12884K, committed 13120K, reserved 1048576K
}
Event: 9.815 GC heap before
{Heap before GC invocations=45 (full 0):
 garbage-first heap   total 403456K, used 342271K [0x0000000704c00000, 0x0000000800000000)
  region size 2048K, 104 young (212992K), 9 survivors (18432K)
 Metaspace       used 102498K, committed 103104K, reserved 1179648K
  class space    used 13294K, committed 13568K, reserved 1048576K
}
Event: 9.825 GC heap after
{Heap after GC invocations=46 (full 0):
 garbage-first heap   total 403456K, used 159741K [0x0000000704c00000, 0x0000000800000000)
  region size 2048K, 13 young (26624K), 13 survivors (26624K)
 Metaspace       used 102498K, committed 103104K, reserved 1179648K
  class space    used 13294K, committed 13568K, reserved 1048576K
}
Event: 10.247 GC heap before
{Heap before GC invocations=46 (full 0):
 garbage-first heap   total 403456K, used 333821K [0x0000000704c00000, 0x0000000800000000)
  region size 2048K, 98 young (200704K), 13 survivors (26624K)
 Metaspace       used 103690K, committed 104320K, reserved 1179648K
  class space    used 13500K, committed 13760K, reserved 1048576K
}
Event: 10.274 GC heap after
{Heap after GC invocations=47 (full 0):
 garbage-first heap   total 528384K, used 238304K [0x0000000704c00000, 0x0000000800000000)
  region size 2048K, 13 young (26624K), 13 survivors (26624K)
 Metaspace       used 103690K, committed 104320K, reserved 1179648K
  class space    used 13500K, committed 13760K, reserved 1048576K
}
Event: 10.915 GC heap before
{Heap before GC invocations=47 (full 0):
 garbage-first heap   total 528384K, used 381664K [0x0000000704c00000, 0x0000000800000000)
  region size 2048K, 83 young (169984K), 13 survivors (26624K)
 Metaspace       used 104962K, committed 105536K, reserved 1179648K
  class space    used 13696K, committed 13952K, reserved 1048576K
}
Event: 10.932 GC heap after
{Heap after GC invocations=48 (full 0):
 garbage-first heap   total 528384K, used 282503K [0x0000000704c00000, 0x0000000800000000)
  region size 2048K, 11 young (22528K), 11 survivors (22528K)
 Metaspace       used 104962K, committed 105536K, reserved 1179648K
  class space    used 13696K, committed 13952K, reserved 1048576K
}
Event: 11.911 GC heap before
{Heap before GC invocations=48 (full 0):
 garbage-first heap   total 528384K, used 393095K [0x0000000704c00000, 0x0000000800000000)
  region size 2048K, 65 young (133120K), 11 survivors (22528K)
 Metaspace       used 106618K, committed 107200K, reserved 1179648K
  class space    used 13962K, committed 14208K, reserved 1048576K
}
Event: 11.919 GC heap after
{Heap after GC invocations=49 (full 0):
 garbage-first heap   total 528384K, used 293141K [0x0000000704c00000, 0x0000000800000000)
  region size 2048K, 3 young (6144K), 3 survivors (6144K)
 Metaspace       used 106618K, committed 107200K, reserved 1179648K
  class space    used 13962K, committed 14208K, reserved 1048576K
}

